<?xml version="1.0" encoding="utf-8"?>
<TestRun id="04a212e3-bed3-4d56-8ab3-e32bcfaf714a" name="james@DRAGON 2026-03-04 16:22:10" runUser="DRAGON\james" xmlns="http://microsoft.com/schemas/VisualStudio/TeamTest/2010">
  <Times creation="2026-03-04T16:22:10.9855530-05:00" queuing="2026-03-04T16:22:10.9855532-05:00" start="2026-03-04T16:22:10.5523124-05:00" finish="2026-03-04T16:22:11.1170480-05:00" />
  <TestSettings name="default" id="ca1a8e4f-dfea-4561-9dbe-a5a6ee30939a">
    <Deployment runDeploymentRoot="james_DRAGON_2026-03-04_16_22_10" />
  </TestSettings>
  <Results>
    <UnitTestResult executionId="f426a2dd-09a0-4b0a-b231-45149f1e0e9e" testId="32a90e82-2864-85b3-cb9d-f82273e3455f" testName="JG.EventKit.Tests.EventBusTests.PublishAsync_ParallelNoMatchingHandlers_InvokesDeadLetter" computerName="DRAGON" duration="00:00:00.0006060" startTime="2026-03-04T16:22:11.0628802-05:00" endTime="2026-03-04T16:22:11.0628803-05:00" testType="13cdc9d9-ddb5-4fa4-a97d-d965ccfc6d4b" outcome="Passed" testListId="8c84fa94-04c1-424b-9868-57a2d4851a1d" relativeResultsDirectory="f426a2dd-09a0-4b0a-b231-45149f1e0e9e" />
    <UnitTestResult executionId="32780f4c-6ce5-4f97-b4e5-a655776dab78" testId="9080a454-6ae3-5246-ef51-732563c02bbf" testName="JG.EventKit.Tests.EventBusTests.PublishAsync_ParallelAggregate_CollectsAllExceptions" computerName="DRAGON" duration="00:00:00.0025366" startTime="2026-03-04T16:22:10.9992182-05:00" endTime="2026-03-04T16:22:10.9992184-05:00" testType="13cdc9d9-ddb5-4fa4-a97d-d965ccfc6d4b" outcome="Passed" testListId="8c84fa94-04c1-424b-9868-57a2d4851a1d" relativeResultsDirectory="32780f4c-6ce5-4f97-b4e5-a655776dab78" />
    <UnitTestResult executionId="b11873f0-4a0a-4256-94e8-ee22830a2e01" testId="fd68f88f-99b0-519e-2d35-93b84588aeee" testName="JG.EventKit.Tests.EventKitOptionsTests.OnError_DefaultValue_IsLogAndContinue" computerName="DRAGON" duration="00:00:00.0003121" startTime="2026-03-04T16:22:10.9508640-05:00" endTime="2026-03-04T16:22:10.9508641-05:00" testType="13cdc9d9-ddb5-4fa4-a97d-d965ccfc6d4b" outcome="Passed" testListId="8c84fa94-04c1-424b-9868-57a2d4851a1d" relativeResultsDirectory="b11873f0-4a0a-4256-94e8-ee22830a2e01" />
    <UnitTestResult executionId="864d333b-65f6-4513-8938-511410cb9f16" testId="ac13f7a4-727b-b948-bd8b-4fb790b571bb" testName="JG.EventKit.Tests.EventHandlerRegistryTests.GetSubscriptions_UnregisteredEventType_ReturnsEmpty" computerName="DRAGON" duration="00:00:00.0016526" startTime="2026-03-04T16:22:10.9675359-05:00" endTime="2026-03-04T16:22:10.9675360-05:00" testType="13cdc9d9-ddb5-4fa4-a97d-d965ccfc6d4b" outcome="Passed" testListId="8c84fa94-04c1-424b-9868-57a2d4851a1d" relativeResultsDirectory="864d333b-65f6-4513-8938-511410cb9f16" />
    <UnitTestResult executionId="7c0f17a8-41e8-4dc2-a4c9-321b28287d0e" testId="4306ec78-b714-af02-8fa6-38fe29c97296" testName="JG.EventKit.Tests.EventHandlerRegistryTests.GetSubscriptions_RegisteredEventType_ReturnsSortedByPriority" computerName="DRAGON" duration="00:00:00.0055753" startTime="2026-03-04T16:22:10.9503425-05:00" endTime="2026-03-04T16:22:10.9503426-05:00" testType="13cdc9d9-ddb5-4fa4-a97d-d965ccfc6d4b" outcome="Passed" testListId="8c84fa94-04c1-424b-9868-57a2d4851a1d" relativeResultsDirectory="7c0f17a8-41e8-4dc2-a4c9-321b28287d0e" />
    <UnitTestResult executionId="dd45fda4-b2c0-4c08-a7a8-ca74a4d4f6e8" testId="35d3c954-35ac-82cc-a3ff-671517379f68" testName="JG.EventKit.Tests.EventBusTests.PublishAsync_WithFilter_SkipsNonMatchingEvents" computerName="DRAGON" duration="00:00:00.0004350" startTime="2026-03-04T16:22:11.0691492-05:00" endTime="2026-03-04T16:22:11.0691492-05:00" testType="13cdc9d9-ddb5-4fa4-a97d-d965ccfc6d4b" outcome="Passed" testListId="8c84fa94-04c1-424b-9868-57a2d4851a1d" relativeResultsDirectory="dd45fda4-b2c0-4c08-a7a8-ca74a4d4f6e8" />
    <UnitTestResult executionId="37a31856-32c4-46a5-bbda-4c4924856687" testId="49be4c5d-e4b4-4867-8fb1-08bb972f32a8" testName="JG.EventKit.Tests.EventBusTests.PublishAsync_LogAndContinue_ContinuesAfterFailure" computerName="DRAGON" duration="00:00:00.0232626" startTime="2026-03-04T16:22:10.9685345-05:00" endTime="2026-03-04T16:22:10.9685345-05:00" testType="13cdc9d9-ddb5-4fa4-a97d-d965ccfc6d4b" outcome="Passed" testListId="8c84fa94-04c1-424b-9868-57a2d4851a1d" relativeResultsDirectory="37a31856-32c4-46a5-bbda-4c4924856687" />
    <UnitTestResult executionId="f76a2202-ef56-4902-be07-754d5037794a" testId="663d1393-c30c-c978-90ac-8d11718005e4" testName="JG.EventKit.Tests.ServiceCollectionExtensionsTests.AddEventHandler_DefaultLifetime_IsTransient" computerName="DRAGON" duration="00:00:00.0055035" startTime="2026-03-04T16:22:10.9503492-05:00" endTime="2026-03-04T16:22:10.9503492-05:00" testType="13cdc9d9-ddb5-4fa4-a97d-d965ccfc6d4b" outcome="Passed" testListId="8c84fa94-04c1-424b-9868-57a2d4851a1d" relativeResultsDirectory="f76a2202-ef56-4902-be07-754d5037794a" />
    <UnitTestResult executionId="a45762a2-f410-4843-9802-1879fc47f1c0" testId="77df3814-14a5-0521-633e-b03f1fd19d3b" testName="JG.EventKit.Tests.EventBusTests.PublishAsync_ParallelLogAndContinue_CompletesAllHandlers" computerName="DRAGON" duration="00:00:00.0005254" startTime="2026-03-04T16:22:11.0667367-05:00" endTime="2026-03-04T16:22:11.0667368-05:00" testType="13cdc9d9-ddb5-4fa4-a97d-d965ccfc6d4b" outcome="Passed" testListId="8c84fa94-04c1-424b-9868-57a2d4851a1d" relativeResultsDirectory="a45762a2-f410-4843-9802-1879fc47f1c0" />
    <UnitTestResult executionId="29cbce28-3f5b-4af3-832c-d716d9284377" testId="a58055e2-f937-3d25-ba86-1166e456e240" testName="JG.EventKit.Tests.EventBusTests.PublishAsync_ParallelHandlers_InvokesAllHandlers" computerName="DRAGON" duration="00:00:00.0015146" startTime="2026-03-04T16:22:11.0661860-05:00" endTime="2026-03-04T16:22:11.0661861-05:00" testType="13cdc9d9-ddb5-4fa4-a97d-d965ccfc6d4b" outcome="Passed" testListId="8c84fa94-04c1-424b-9868-57a2d4851a1d" relativeResultsDirectory="29cbce28-3f5b-4af3-832c-d716d9284377" />
    <UnitTestResult executionId="ff7a76fe-deef-4c6c-b5f0-75d62f1774e2" testId="e20e227b-8947-754e-8a94-f1d6be6e3f11" testName="JG.EventKit.Tests.EventBusTests.PublishAsync_SingleHandler_InvokesHandler" computerName="DRAGON" duration="00:00:00.0005578" startTime="2026-03-04T16:22:10.9714934-05:00" endTime="2026-03-04T16:22:10.9714934-05:00" testType="13cdc9d9-ddb5-4fa4-a97d-d965ccfc6d4b" outcome="Passed" testListId="8c84fa94-04c1-424b-9868-57a2d4851a1d" relativeResultsDirectory="ff7a76fe-deef-4c6c-b5f0-75d62f1774e2" />
    <UnitTestResult executionId="0e7bd7d2-9b60-4329-85d1-8dfbab969123" testId="38e6cc51-fcab-dd7c-77da-0f21d9e8f197" testName="JG.EventKit.Tests.EventKitOptionsTests.MaxParallelHandlers_Zero_ThrowsArgumentOutOfRange" computerName="DRAGON" duration="00:00:00.0026732" startTime="2026-03-04T16:22:10.9676981-05:00" endTime="2026-03-04T16:22:10.9676982-05:00" testType="13cdc9d9-ddb5-4fa4-a97d-d965ccfc6d4b" outcome="Passed" testListId="8c84fa94-04c1-424b-9868-57a2d4851a1d" relativeResultsDirectory="0e7bd7d2-9b60-4329-85d1-8dfbab969123" />
    <UnitTestResult executionId="b569ca9f-e07c-4ce2-bc35-04225bb99394" testId="877e4767-d0ee-3fe2-78e5-5e76c6ebcea8" testName="JG.EventKit.Tests.EventKitOptionsTests.MaxParallelHandlers_DefaultValue_IsOne" computerName="DRAGON" duration="00:00:00.0004462" startTime="2026-03-04T16:22:10.9508347-05:00" endTime="2026-03-04T16:22:10.9508348-05:00" testType="13cdc9d9-ddb5-4fa4-a97d-d965ccfc6d4b" outcome="Passed" testListId="8c84fa94-04c1-424b-9868-57a2d4851a1d" relativeResultsDirectory="b569ca9f-e07c-4ce2-bc35-04225bb99394" />
    <UnitTestResult executionId="b9c85ea7-c2fe-4aa9-a30e-cd9d73890379" testId="8c6a112c-87ea-f530-da00-1bec8c0c950f" testName="JG.EventKit.Tests.EventBusTests.PublishAsync_AllFiltered_InvokesDeadLetter" computerName="DRAGON" duration="00:00:00.0005392" startTime="2026-03-04T16:22:11.0641093-05:00" endTime="2026-03-04T16:22:11.0641094-05:00" testType="13cdc9d9-ddb5-4fa4-a97d-d965ccfc6d4b" outcome="Passed" testListId="8c84fa94-04c1-424b-9868-57a2d4851a1d" relativeResultsDirectory="b9c85ea7-c2fe-4aa9-a30e-cd9d73890379" />
    <UnitTestResult executionId="6d667c8f-d870-49b3-95e7-a8c77cddc619" testId="cb0b92fc-51da-1ec5-851f-069c72e5103e" testName="JG.EventKit.Tests.ServiceCollectionExtensionsTests.AddEventKit_WithOptions_ConfiguresOptions" computerName="DRAGON" duration="00:00:00.0001659" startTime="2026-03-04T16:22:10.9685810-05:00" endTime="2026-03-04T16:22:10.9685810-05:00" testType="13cdc9d9-ddb5-4fa4-a97d-d965ccfc6d4b" outcome="Passed" testListId="8c84fa94-04c1-424b-9868-57a2d4851a1d" relativeResultsDirectory="6d667c8f-d870-49b3-95e7-a8c77cddc619" />
    <UnitTestResult executionId="50304414-3f3c-408b-931b-bf231b5d492e" testId="06f60a4c-a9d8-7d15-c0a5-91dcedef9c55" testName="JG.EventKit.Tests.EventHandlerRegistryTests.GetSubscriptions_MultipleEventTypes_ReturnsCorrectSubscriptions" computerName="DRAGON" duration="00:00:00.0001228" startTime="2026-03-04T16:22:10.9676664-05:00" endTime="2026-03-04T16:22:10.9676664-05:00" testType="13cdc9d9-ddb5-4fa4-a97d-d965ccfc6d4b" outcome="Passed" testListId="8c84fa94-04c1-424b-9868-57a2d4851a1d" relativeResultsDirectory="50304414-3f3c-408b-931b-bf231b5d492e" />
    <UnitTestResult executionId="017b8ee2-3b61-4308-b7c9-cd184bb83f55" testId="2574846c-aef1-27ef-45f8-baebf2378c00" testName="JG.EventKit.Tests.EventBusTests.PublishAsync_NoHandlers_InvokesDeadLetterHandler" computerName="DRAGON" duration="00:00:00.0142758" startTime="2026-03-04T16:22:10.9946552-05:00" endTime="2026-03-04T16:22:10.9946555-05:00" testType="13cdc9d9-ddb5-4fa4-a97d-d965ccfc6d4b" outcome="Passed" testListId="8c84fa94-04c1-424b-9868-57a2d4851a1d" relativeResultsDirectory="017b8ee2-3b61-4308-b7c9-cd184bb83f55" />
    <UnitTestResult executionId="90fb1a68-f54f-47b5-ac06-77f0d4b14d83" testId="4dd45163-8967-8654-3d8d-35e02e50545f" testName="JG.EventKit.Tests.ServiceCollectionExtensionsTests.AddEventKit_CalledTwice_DoesNotDuplicate" computerName="DRAGON" duration="00:00:00.0072133" startTime="2026-03-04T16:22:10.9684962-05:00" endTime="2026-03-04T16:22:10.9684963-05:00" testType="13cdc9d9-ddb5-4fa4-a97d-d965ccfc6d4b" outcome="Passed" testListId="8c84fa94-04c1-424b-9868-57a2d4851a1d" relativeResultsDirectory="90fb1a68-f54f-47b5-ac06-77f0d4b14d83" />
    <UnitTestResult executionId="09cb35dc-73cb-4922-a7d9-c67893dd7314" testId="4138b745-fd5a-a661-89c7-06e39d8dba6d" testName="JG.EventKit.Tests.ServiceCollectionExtensionsTests.AddEventHandler_ScopedLifetime_RegistersAsScoped" computerName="DRAGON" duration="00:00:00.0001398" startTime="2026-03-04T16:22:10.9685453-05:00" endTime="2026-03-04T16:22:10.9685454-05:00" testType="13cdc9d9-ddb5-4fa4-a97d-d965ccfc6d4b" outcome="Passed" testListId="8c84fa94-04c1-424b-9868-57a2d4851a1d" relativeResultsDirectory="09cb35dc-73cb-4922-a7d9-c67893dd7314" />
    <UnitTestResult executionId="a2143914-546f-4c5f-a89a-3735f68ea9ae" testId="d856038e-3343-4089-8787-f62ecfe96b05" testName="JG.EventKit.Tests.EventBusTests.PublishAsync_MiddlewareShortCircuits_HandlersNotInvoked" computerName="DRAGON" duration="00:00:00.0055326" startTime="2026-03-04T16:22:11.0782575-05:00" endTime="2026-03-04T16:22:11.0782579-05:00" testType="13cdc9d9-ddb5-4fa4-a97d-d965ccfc6d4b" outcome="Passed" testListId="8c84fa94-04c1-424b-9868-57a2d4851a1d" relativeResultsDirectory="a2143914-546f-4c5f-a89a-3735f68ea9ae" />
    <UnitTestResult executionId="f2e01143-4bb3-46a0-9669-064459851c29" testId="46c491e1-5158-622b-0c0b-ac0af4267f7f" testName="JG.EventKit.Tests.ServiceCollectionExtensionsTests.AddEventHandler_WithFilter_SetsHasFilter" computerName="DRAGON" duration="00:00:00.0029998" startTime="2026-03-04T16:22:10.9677713-05:00" endTime="2026-03-04T16:22:10.9677714-05:00" testType="13cdc9d9-ddb5-4fa4-a97d-d965ccfc6d4b" outcome="Passed" testListId="8c84fa94-04c1-424b-9868-57a2d4851a1d" relativeResultsDirectory="f2e01143-4bb3-46a0-9669-064459851c29" />
    <UnitTestResult executionId="ae99d7db-e248-4000-bd22-c108e10b03c1" testId="76c2dcf4-3a66-ee12-0acb-fe6755ddad39" testName="JG.EventKit.Tests.EventKitOptionsTests.MaxParallelHandlers_ValidValue_Sets" computerName="DRAGON" duration="00:00:00.0000550" startTime="2026-03-04T16:22:10.9677618-05:00" endTime="2026-03-04T16:22:10.9677618-05:00" testType="13cdc9d9-ddb5-4fa4-a97d-d965ccfc6d4b" outcome="Passed" testListId="8c84fa94-04c1-424b-9868-57a2d4851a1d" relativeResultsDirectory="ae99d7db-e248-4000-bd22-c108e10b03c1" />
    <UnitTestResult executionId="0b7fc40d-9a78-49ee-a83f-31ea842db84a" testId="60ebf9d4-479d-42a0-a6f0-2d9f31c65e92" testName="JG.EventKit.Tests.EventKitOptionsTests.DeadLetterHandler_DefaultValue_IsNull" computerName="DRAGON" duration="00:00:00.0054777" startTime="2026-03-04T16:22:10.9488756-05:00" endTime="2026-03-04T16:22:10.9488904-05:00" testType="13cdc9d9-ddb5-4fa4-a97d-d965ccfc6d4b" outcome="Passed" testListId="8c84fa94-04c1-424b-9868-57a2d4851a1d" relativeResultsDirectory="0b7fc40d-9a78-49ee-a83f-31ea842db84a" />
    <UnitTestResult executionId="dcda4903-40b4-4cb8-be3b-6ba0d0e97265" testId="1a41243d-f70c-9219-e905-89a5809a1251" testName="JG.EventKit.Tests.EventBusTests.PublishAsync_AsyncHandler_CompletesSuccessfully" computerName="DRAGON" duration="00:00:00.0561778" startTime="2026-03-04T16:22:11.0566426-05:00" endTime="2026-03-04T16:22:11.0566430-05:00" testType="13cdc9d9-ddb5-4fa4-a97d-d965ccfc6d4b" outcome="Passed" testListId="8c84fa94-04c1-424b-9868-57a2d4851a1d" relativeResultsDirectory="dcda4903-40b4-4cb8-be3b-6ba0d0e97265" />
    <UnitTestResult executionId="9f3789ec-0414-477f-a0ac-491ad1f1e741" testId="3643f4a1-2b9e-1e91-bf2b-06add91c79d5" testName="JG.EventKit.Tests.ServiceCollectionExtensionsTests.AddEventHandler_NullServices_ThrowsArgumentNullException" computerName="DRAGON" duration="00:00:00.0003432" startTime="2026-03-04T16:22:10.9685942-05:00" endTime="2026-03-04T16:22:10.9685942-05:00" testType="13cdc9d9-ddb5-4fa4-a97d-d965ccfc6d4b" outcome="Passed" testListId="8c84fa94-04c1-424b-9868-57a2d4851a1d" relativeResultsDirectory="9f3789ec-0414-477f-a0ac-491ad1f1e741" />
    <UnitTestResult executionId="0e04498f-a2d8-4fd4-a8c9-d311245e8f45" testId="a8fbea9f-1ccb-6b30-895b-834394d1d204" testName="JG.EventKit.Tests.ServiceCollectionExtensionsTests.AddEventKit_NullServices_ThrowsArgumentNullException" computerName="DRAGON" duration="00:00:00.0035026" startTime="2026-03-04T16:22:10.9676949-05:00" endTime="2026-03-04T16:22:10.9676950-05:00" testType="13cdc9d9-ddb5-4fa4-a97d-d965ccfc6d4b" outcome="Passed" testListId="8c84fa94-04c1-424b-9868-57a2d4851a1d" relativeResultsDirectory="0e04498f-a2d8-4fd4-a8c9-d311245e8f45" />
    <UnitTestResult executionId="118c1d73-ff2f-4584-9ed4-6cdb1ababd2d" testId="2954c5fc-27b6-4264-2add-40ffa8b3500e" testName="JG.EventKit.Tests.ServiceCollectionExtensionsTests.AddEventKit_RegistersEventBus" computerName="DRAGON" duration="00:00:00.0005567" startTime="2026-03-04T16:22:10.9685663-05:00" endTime="2026-03-04T16:22:10.9685663-05:00" testType="13cdc9d9-ddb5-4fa4-a97d-d965ccfc6d4b" outcome="Passed" testListId="8c84fa94-04c1-424b-9868-57a2d4851a1d" relativeResultsDirectory="118c1d73-ff2f-4584-9ed4-6cdb1ababd2d" />
    <UnitTestResult executionId="6c2bf513-a78f-4d7c-bb95-51ccb55831c8" testId="3874cd42-bc92-c606-6e62-1954247d173d" testName="JG.EventKit.Tests.ServiceCollectionExtensionsTests.AddEventMiddleware_RegistersMiddleware" computerName="DRAGON" duration="00:00:00.0002539" startTime="2026-03-04T16:22:10.9677250-05:00" endTime="2026-03-04T16:22:10.9677250-05:00" testType="13cdc9d9-ddb5-4fa4-a97d-d965ccfc6d4b" outcome="Passed" testListId="8c84fa94-04c1-424b-9868-57a2d4851a1d" relativeResultsDirectory="6c2bf513-a78f-4d7c-bb95-51ccb55831c8" />
    <UnitTestResult executionId="c27401b8-531b-40c6-89a2-b99644754ed1" testId="457bf962-9e29-4e4e-7a4b-bca003387df6" testName="JG.EventKit.Tests.EventBusTests.PublishAsync_MultipleHandlers_InvokesAll" computerName="DRAGON" duration="00:00:00.0007245" startTime="2026-03-04T16:22:11.0674930-05:00" endTime="2026-03-04T16:22:11.0674931-05:00" testType="13cdc9d9-ddb5-4fa4-a97d-d965ccfc6d4b" outcome="Passed" testListId="8c84fa94-04c1-424b-9868-57a2d4851a1d" relativeResultsDirectory="c27401b8-531b-40c6-89a2-b99644754ed1" />
    <UnitTestResult executionId="74a65b01-1704-4f0e-8c40-9f8088fded0b" testId="fb272c93-3719-2f9c-322e-154ee3e8a718" testName="JG.EventKit.Tests.EventBusTests.PublishAsync_MiddlewareThrows_PropagatesException" computerName="DRAGON" duration="00:00:00.0059278" startTime="2026-03-04T16:22:10.9775163-05:00" endTime="2026-03-04T16:22:10.9775166-05:00" testType="13cdc9d9-ddb5-4fa4-a97d-d965ccfc6d4b" outcome="Passed" testListId="8c84fa94-04c1-424b-9868-57a2d4851a1d" relativeResultsDirectory="74a65b01-1704-4f0e-8c40-9f8088fded0b" />
    <UnitTestResult executionId="8073cf2c-7f23-4b4f-bd97-9d8f214b78ce" testId="4fb8becb-4c96-6ab8-d762-0c83298e3798" testName="JG.EventKit.Tests.EventBusTests.PublishAsync_HandlersWithPriority_ExecutesInPriorityOrder" computerName="DRAGON" duration="00:00:00.0005964" startTime="2026-03-04T16:22:11.0697797-05:00" endTime="2026-03-04T16:22:11.0697797-05:00" testType="13cdc9d9-ddb5-4fa4-a97d-d965ccfc6d4b" outcome="Passed" testListId="8c84fa94-04c1-424b-9868-57a2d4851a1d" relativeResultsDirectory="8073cf2c-7f23-4b4f-bd97-9d8f214b78ce" />
    <UnitTestResult executionId="eb7b7343-d839-4c53-a07c-74aea7033db5" testId="328bbe06-3100-842c-e29d-cde76260ef52" testName="JG.EventKit.Tests.DeadLetterEventTests.Constructor_SetsProperties" computerName="DRAGON" duration="00:00:00.0054932" startTime="2026-03-04T16:22:10.9501643-05:00" endTime="2026-03-04T16:22:10.9501643-05:00" testType="13cdc9d9-ddb5-4fa4-a97d-d965ccfc6d4b" outcome="Passed" testListId="8c84fa94-04c1-424b-9868-57a2d4851a1d" relativeResultsDirectory="eb7b7343-d839-4c53-a07c-74aea7033db5" />
    <UnitTestResult executionId="b82a1963-f355-4c04-ba0d-5dd2d8e4140d" testId="4284fbfd-363c-cc7f-30ec-56ac90cb3625" testName="JG.EventKit.Tests.EventBusTests.PublishAsync_NullEvent_ThrowsArgumentNullException" computerName="DRAGON" duration="00:00:00.0016188" startTime="2026-03-04T16:22:10.9686186-05:00" endTime="2026-03-04T16:22:10.9686187-05:00" testType="13cdc9d9-ddb5-4fa4-a97d-d965ccfc6d4b" outcome="Passed" testListId="8c84fa94-04c1-424b-9868-57a2d4851a1d" relativeResultsDirectory="b82a1963-f355-4c04-ba0d-5dd2d8e4140d" />
    <UnitTestResult executionId="6b23de0e-50d4-446d-b710-d9307f57bf0c" testId="511eda7b-00df-dcdf-1525-684a0b6794a9" testName="JG.EventKit.Tests.EventKitOptionsTests.MaxParallelHandlers_Negative_ThrowsArgumentOutOfRange" computerName="DRAGON" duration="00:00:00.0006365" startTime="2026-03-04T16:22:10.9677438-05:00" endTime="2026-03-04T16:22:10.9677439-05:00" testType="13cdc9d9-ddb5-4fa4-a97d-d965ccfc6d4b" outcome="Passed" testListId="8c84fa94-04c1-424b-9868-57a2d4851a1d" relativeResultsDirectory="6b23de0e-50d4-446d-b710-d9307f57bf0c" />
    <UnitTestResult executionId="ee57ac70-5f53-4e57-91f9-a287b43e8532" testId="0addf868-b0e8-b47a-430e-ec5227c695e0" testName="JG.EventKit.Tests.EventBusTests.PublishAsync_EqualPriority_MaintainsRegistrationOrder" computerName="DRAGON" duration="00:00:00.0008739" startTime="2026-03-04T16:22:10.9966299-05:00" endTime="2026-03-04T16:22:10.9966299-05:00" testType="13cdc9d9-ddb5-4fa4-a97d-d965ccfc6d4b" outcome="Passed" testListId="8c84fa94-04c1-424b-9868-57a2d4851a1d" relativeResultsDirectory="ee57ac70-5f53-4e57-91f9-a287b43e8532" />
    <UnitTestResult executionId="5ab65758-ec54-4bdd-9672-81932595cc86" testId="f4360ae0-06be-ba7f-7c9c-c65d85b50a84" testName="JG.EventKit.Tests.EventHandlerRegistryTests.GetSubscriptions_NoSubscriptions_ReturnsEmpty" computerName="DRAGON" duration="00:00:00.0002740" startTime="2026-03-04T16:22:10.9676843-05:00" endTime="2026-03-04T16:22:10.9676843-05:00" testType="13cdc9d9-ddb5-4fa4-a97d-d965ccfc6d4b" outcome="Passed" testListId="8c84fa94-04c1-424b-9868-57a2d4851a1d" relativeResultsDirectory="5ab65758-ec54-4bdd-9672-81932595cc86" />
    <UnitTestResult executionId="6938652d-8d48-4980-97b0-744d6d579cb3" testId="3ec48ed3-1dc5-94c8-304e-0b9cf9c47930" testName="JG.EventKit.Tests.EventBusTests.PublishAsync_CancelledToken_ThrowsOperationCancelledException" computerName="DRAGON" duration="00:00:00.0011739" startTime="2026-03-04T16:22:10.9787596-05:00" endTime="2026-03-04T16:22:10.9787597-05:00" testType="13cdc9d9-ddb5-4fa4-a97d-d965ccfc6d4b" outcome="Passed" testListId="8c84fa94-04c1-424b-9868-57a2d4851a1d" relativeResultsDirectory="6938652d-8d48-4980-97b0-744d6d579cb3" />
    <UnitTestResult executionId="734c0117-717f-488c-9d4b-ade842bfedc6" testId="6174963d-2bfd-2f78-3292-f9b90e335a18" testName="JG.EventKit.Tests.EventBusTests.PublishAsync_ParallelWithFilter_SkipsFilteredHandlers" computerName="DRAGON" duration="00:00:00.0010092" startTime="2026-03-04T16:22:11.0583562-05:00" endTime="2026-03-04T16:22:11.0583565-05:00" testType="13cdc9d9-ddb5-4fa4-a97d-d965ccfc6d4b" outcome="Passed" testListId="8c84fa94-04c1-424b-9868-57a2d4851a1d" relativeResultsDirectory="734c0117-717f-488c-9d4b-ade842bfedc6" />
    <UnitTestResult executionId="af4cbc5d-9d1d-4f74-b74c-55c6800a592c" testId="96fe5582-811f-9683-92cb-9b4202c0f89b" testName="JG.EventKit.Tests.ServiceCollectionExtensionsTests.AddEventHandler_RegistersSubscription" computerName="DRAGON" duration="00:00:00.0018662" startTime="2026-03-04T16:22:10.9685187-05:00" endTime="2026-03-04T16:22:10.9685188-05:00" testType="13cdc9d9-ddb5-4fa4-a97d-d965ccfc6d4b" outcome="Passed" testListId="8c84fa94-04c1-424b-9868-57a2d4851a1d" relativeResultsDirectory="af4cbc5d-9d1d-4f74-b74c-55c6800a592c" />
    <UnitTestResult executionId="2e6c8ff3-6623-487e-a5a7-5c8a804651ff" testId="a6e66932-61be-e287-19d1-fc760de33686" testName="JG.EventKit.Tests.EventBusTests.PublishAsync_HandlerThrowsOperationCancelled_AlwaysPropagates" computerName="DRAGON" duration="00:00:00.0009874" startTime="2026-03-04T16:22:10.9956898-05:00" endTime="2026-03-04T16:22:10.9956898-05:00" testType="13cdc9d9-ddb5-4fa4-a97d-d965ccfc6d4b" outcome="Passed" testListId="8c84fa94-04c1-424b-9868-57a2d4851a1d" relativeResultsDirectory="2e6c8ff3-6623-487e-a5a7-5c8a804651ff" />
    <UnitTestResult executionId="54d0241d-8ce8-4aa1-a20a-282b840312c9" testId="92d1cf99-0df9-d76a-6247-d19793fe20f5" testName="JG.EventKit.Tests.EventBusTests.EventBus_InvalidErrorPolicy_ThrowsOnConstruction" computerName="DRAGON" duration="00:00:00.0015003" startTime="2026-03-04T16:22:10.9709003-05:00" endTime="2026-03-04T16:22:10.9709004-05:00" testType="13cdc9d9-ddb5-4fa4-a97d-d965ccfc6d4b" outcome="Passed" testListId="8c84fa94-04c1-424b-9868-57a2d4851a1d" relativeResultsDirectory="54d0241d-8ce8-4aa1-a20a-282b840312c9" />
    <UnitTestResult executionId="1debbfbf-4bf0-4032-a052-575238b99a0f" testId="a944a5c0-872e-cab4-7a32-f3df2e740ae0" testName="JG.EventKit.Tests.EventBusTests.PublishAsync_MultipleMiddleware_ExecutesInRegistrationOrder" computerName="DRAGON" duration="00:00:00.0038248" startTime="2026-03-04T16:22:11.0622214-05:00" endTime="2026-03-04T16:22:11.0622217-05:00" testType="13cdc9d9-ddb5-4fa4-a97d-d965ccfc6d4b" outcome="Passed" testListId="8c84fa94-04c1-424b-9868-57a2d4851a1d" relativeResultsDirectory="1debbfbf-4bf0-4032-a052-575238b99a0f" />
    <UnitTestResult executionId="0574664e-bb27-4998-962d-692873ae598b" testId="8f46836d-fcdf-7f3a-6b72-06295452824e" testName="JG.EventKit.Tests.EventBusTests.PublishAsync_ConcurrentPublishes_AllComplete" computerName="DRAGON" duration="00:00:00.0006256" startTime="2026-03-04T16:22:11.0635540-05:00" endTime="2026-03-04T16:22:11.0635541-05:00" testType="13cdc9d9-ddb5-4fa4-a97d-d965ccfc6d4b" outcome="Passed" testListId="8c84fa94-04c1-424b-9868-57a2d4851a1d" relativeResultsDirectory="0574664e-bb27-4998-962d-692873ae598b" />
    <UnitTestResult executionId="97aca176-1d23-4265-890c-278372474780" testId="b6936a8f-cf03-819f-5fd6-47158fd998ec" testName="JG.EventKit.Tests.EventBusTests.PublishAsync_NoHandlersNoDeadLetter_CompletesSuccessfully" computerName="DRAGON" duration="00:00:00.0005157" startTime="2026-03-04T16:22:11.0711347-05:00" endTime="2026-03-04T16:22:11.0711347-05:00" testType="13cdc9d9-ddb5-4fa4-a97d-d965ccfc6d4b" outcome="Passed" testListId="8c84fa94-04c1-424b-9868-57a2d4851a1d" relativeResultsDirectory="97aca176-1d23-4265-890c-278372474780" />
    <UnitTestResult executionId="75bc1a43-d78e-437a-a9b8-6ae6b992a0f3" testId="7eb561c7-af15-b9d4-e074-9c3e37c069c0" testName="JG.EventKit.Tests.EventBusTests.PublishAsync_ParallelStopOnFirst_ThrowsFirstException" computerName="DRAGON" duration="00:00:00.0011472" startTime="2026-03-04T16:22:11.0686787-05:00" endTime="2026-03-04T16:22:11.0686788-05:00" testType="13cdc9d9-ddb5-4fa4-a97d-d965ccfc6d4b" outcome="Passed" testListId="8c84fa94-04c1-424b-9868-57a2d4851a1d" relativeResultsDirectory="75bc1a43-d78e-437a-a9b8-6ae6b992a0f3" />
    <UnitTestResult executionId="d273ffe3-07bf-4dc1-a756-0550584b502b" testId="82dc961c-e54b-47e9-9964-c0f426d0fc24" testName="JG.EventKit.Tests.EventBusTests.PublishAsync_TransientHandler_NewInstancePerPublish" computerName="DRAGON" duration="00:00:00.0007713" startTime="2026-03-04T16:22:11.0705819-05:00" endTime="2026-03-04T16:22:11.0705820-05:00" testType="13cdc9d9-ddb5-4fa4-a97d-d965ccfc6d4b" outcome="Passed" testListId="8c84fa94-04c1-424b-9868-57a2d4851a1d" relativeResultsDirectory="d273ffe3-07bf-4dc1-a756-0550584b502b" />
    <UnitTestResult executionId="17e08e1b-4338-44aa-85e8-f3548cadadd8" testId="a4bbc98a-3f80-bf58-4485-71267caf0846" testName="JG.EventKit.Tests.EventBusTests.PublishAsync_StopOnFirst_ThrowsOnFirstFailure" computerName="DRAGON" duration="00:00:00.0010911" startTime="2026-03-04T16:22:10.9693675-05:00" endTime="2026-03-04T16:22:10.9693677-05:00" testType="13cdc9d9-ddb5-4fa4-a97d-d965ccfc6d4b" outcome="Passed" testListId="8c84fa94-04c1-424b-9868-57a2d4851a1d" relativeResultsDirectory="17e08e1b-4338-44aa-85e8-f3548cadadd8" />
    <UnitTestResult executionId="f98859d4-d0dd-4f08-b4fe-0ba8fb2f784e" testId="2257ac13-4e51-0dbe-49da-e90e10358f37" testName="JG.EventKit.Tests.EventBusTests.PublishAsync_DeadLetterHandlerThrows_LogsAndCompletes" computerName="DRAGON" duration="00:00:00.0017772" startTime="2026-03-04T16:22:10.9686034-05:00" endTime="2026-03-04T16:22:10.9686035-05:00" testType="13cdc9d9-ddb5-4fa4-a97d-d965ccfc6d4b" outcome="Passed" testListId="8c84fa94-04c1-424b-9868-57a2d4851a1d" relativeResultsDirectory="f98859d4-d0dd-4f08-b4fe-0ba8fb2f784e" />
    <UnitTestResult executionId="0146d6e0-222d-4cbb-af71-9298c24eb92f" testId="bc2ab879-461a-028f-bd66-87209a99e39d" testName="JG.EventKit.Tests.EventBusTests.PublishAsync_Aggregate_CollectsAllExceptions" computerName="DRAGON" duration="00:00:00.0014738" startTime="2026-03-04T16:22:10.9802742-05:00" endTime="2026-03-04T16:22:10.9802743-05:00" testType="13cdc9d9-ddb5-4fa4-a97d-d965ccfc6d4b" outcome="Passed" testListId="8c84fa94-04c1-424b-9868-57a2d4851a1d" relativeResultsDirectory="0146d6e0-222d-4cbb-af71-9298c24eb92f" />
    <UnitTestResult executionId="267a0fd5-dc57-4bed-b5f9-e66a166c5986" testId="48db49f6-56a7-c354-f391-8d105a85ab10" testName="JG.EventKit.Tests.EventBusTests.PublishAsync_Aggregate_MultipleFailures_CollectsAll" computerName="DRAGON" duration="00:00:00.0014623" startTime="2026-03-04T16:22:11.0726356-05:00" endTime="2026-03-04T16:22:11.0726357-05:00" testType="13cdc9d9-ddb5-4fa4-a97d-d965ccfc6d4b" outcome="Passed" testListId="8c84fa94-04c1-424b-9868-57a2d4851a1d" relativeResultsDirectory="267a0fd5-dc57-4bed-b5f9-e66a166c5986" />
    <UnitTestResult executionId="0b984ec4-9fc8-4e07-a1d7-fb7df9c9398e" testId="8d86e5a7-d53a-e696-2de7-09bed1dbf668" testName="JG.EventKit.Tests.EventBusTests.PublishAsync_WithMiddleware_ExecutesPipeline" computerName="DRAGON" duration="00:00:00.0004653" startTime="2026-03-04T16:22:11.0646219-05:00" endTime="2026-03-04T16:22:11.0646219-05:00" testType="13cdc9d9-ddb5-4fa4-a97d-d965ccfc6d4b" outcome="Passed" testListId="8c84fa94-04c1-424b-9868-57a2d4851a1d" relativeResultsDirectory="0b984ec4-9fc8-4e07-a1d7-fb7df9c9398e" />
  </Results>
  <TestDefinitions>
    <UnitTest name="JG.EventKit.Tests.EventBusTests.PublishAsync_TransientHandler_NewInstancePerPublish" storage="c:\dev\libs\dotnet\dotnet-event-kit\tests\jg.eventkit.tests\bin\release\net8.0\jg.eventkit.tests.dll" id="82dc961c-e54b-47e9-9964-c0f426d0fc24">
      <Execution id="d273ffe3-07bf-4dc1-a756-0550584b502b" />
      <TestMethod codeBase="C:\Dev\libs\dotnet\dotnet-event-kit\tests\JG.EventKit.Tests\bin\Release\net8.0\JG.EventKit.Tests.dll" adapterTypeName="executor://xunit/VsTestRunner2/netcoreapp" className="JG.EventKit.Tests.EventBusTests" name="PublishAsync_TransientHandler_NewInstancePerPublish" />
    </UnitTest>
    <UnitTest name="JG.EventKit.Tests.ServiceCollectionExtensionsTests.AddEventKit_NullServices_ThrowsArgumentNullException" storage="c:\dev\libs\dotnet\dotnet-event-kit\tests\jg.eventkit.tests\bin\release\net8.0\jg.eventkit.tests.dll" id="a8fbea9f-1ccb-6b30-895b-834394d1d204">
      <Execution id="0e04498f-a2d8-4fd4-a8c9-d311245e8f45" />
      <TestMethod codeBase="C:\Dev\libs\dotnet\dotnet-event-kit\tests\JG.EventKit.Tests\bin\Release\net8.0\JG.EventKit.Tests.dll" adapterTypeName="executor://xunit/VsTestRunner2/netcoreapp" className="JG.EventKit.Tests.ServiceCollectionExtensionsTests" name="AddEventKit_NullServices_ThrowsArgumentNullException" />
    </UnitTest>
    <UnitTest name="JG.EventKit.Tests.EventBusTests.PublishAsync_SingleHandler_InvokesHandler" storage="c:\dev\libs\dotnet\dotnet-event-kit\tests\jg.eventkit.tests\bin\release\net8.0\jg.eventkit.tests.dll" id="e20e227b-8947-754e-8a94-f1d6be6e3f11">
      <Execution id="ff7a76fe-deef-4c6c-b5f0-75d62f1774e2" />
      <TestMethod codeBase="C:\Dev\libs\dotnet\dotnet-event-kit\tests\JG.EventKit.Tests\bin\Release\net8.0\JG.EventKit.Tests.dll" adapterTypeName="executor://xunit/VsTestRunner2/netcoreapp" className="JG.EventKit.Tests.EventBusTests" name="PublishAsync_SingleHandler_InvokesHandler" />
    </UnitTest>
    <UnitTest name="JG.EventKit.Tests.EventBusTests.PublishAsync_LogAndContinue_ContinuesAfterFailure" storage="c:\dev\libs\dotnet\dotnet-event-kit\tests\jg.eventkit.tests\bin\release\net8.0\jg.eventkit.tests.dll" id="49be4c5d-e4b4-4867-8fb1-08bb972f32a8">
      <Execution id="37a31856-32c4-46a5-bbda-4c4924856687" />
      <TestMethod codeBase="C:\Dev\libs\dotnet\dotnet-event-kit\tests\JG.EventKit.Tests\bin\Release\net8.0\JG.EventKit.Tests.dll" adapterTypeName="executor://xunit/VsTestRunner2/netcoreapp" className="JG.EventKit.Tests.EventBusTests" name="PublishAsync_LogAndContinue_ContinuesAfterFailure" />
    </UnitTest>
    <UnitTest name="JG.EventKit.Tests.EventBusTests.PublishAsync_ParallelStopOnFirst_ThrowsFirstException" storage="c:\dev\libs\dotnet\dotnet-event-kit\tests\jg.eventkit.tests\bin\release\net8.0\jg.eventkit.tests.dll" id="7eb561c7-af15-b9d4-e074-9c3e37c069c0">
      <Execution id="75bc1a43-d78e-437a-a9b8-6ae6b992a0f3" />
      <TestMethod codeBase="C:\Dev\libs\dotnet\dotnet-event-kit\tests\JG.EventKit.Tests\bin\Release\net8.0\JG.EventKit.Tests.dll" adapterTypeName="executor://xunit/VsTestRunner2/netcoreapp" className="JG.EventKit.Tests.EventBusTests" name="PublishAsync_ParallelStopOnFirst_ThrowsFirstException" />
    </UnitTest>
    <UnitTest name="JG.EventKit.Tests.EventBusTests.PublishAsync_NullEvent_ThrowsArgumentNullException" storage="c:\dev\libs\dotnet\dotnet-event-kit\tests\jg.eventkit.tests\bin\release\net8.0\jg.eventkit.tests.dll" id="4284fbfd-363c-cc7f-30ec-56ac90cb3625">
      <Execution id="b82a1963-f355-4c04-ba0d-5dd2d8e4140d" />
      <TestMethod codeBase="C:\Dev\libs\dotnet\dotnet-event-kit\tests\JG.EventKit.Tests\bin\Release\net8.0\JG.EventKit.Tests.dll" adapterTypeName="executor://xunit/VsTestRunner2/netcoreapp" className="JG.EventKit.Tests.EventBusTests" name="PublishAsync_NullEvent_ThrowsArgumentNullException" />
    </UnitTest>
    <UnitTest name="JG.EventKit.Tests.EventHandlerRegistryTests.GetSubscriptions_MultipleEventTypes_ReturnsCorrectSubscriptions" storage="c:\dev\libs\dotnet\dotnet-event-kit\tests\jg.eventkit.tests\bin\release\net8.0\jg.eventkit.tests.dll" id="06f60a4c-a9d8-7d15-c0a5-91dcedef9c55">
      <Execution id="50304414-3f3c-408b-931b-bf231b5d492e" />
      <TestMethod codeBase="C:\Dev\libs\dotnet\dotnet-event-kit\tests\JG.EventKit.Tests\bin\Release\net8.0\JG.EventKit.Tests.dll" adapterTypeName="executor://xunit/VsTestRunner2/netcoreapp" className="JG.EventKit.Tests.EventHandlerRegistryTests" name="GetSubscriptions_MultipleEventTypes_ReturnsCorrectSubscriptions" />
    </UnitTest>
    <UnitTest name="JG.EventKit.Tests.ServiceCollectionExtensionsTests.AddEventKit_CalledTwice_DoesNotDuplicate" storage="c:\dev\libs\dotnet\dotnet-event-kit\tests\jg.eventkit.tests\bin\release\net8.0\jg.eventkit.tests.dll" id="4dd45163-8967-8654-3d8d-35e02e50545f">
      <Execution id="90fb1a68-f54f-47b5-ac06-77f0d4b14d83" />
      <TestMethod codeBase="C:\Dev\libs\dotnet\dotnet-event-kit\tests\JG.EventKit.Tests\bin\Release\net8.0\JG.EventKit.Tests.dll" adapterTypeName="executor://xunit/VsTestRunner2/netcoreapp" className="JG.EventKit.Tests.ServiceCollectionExtensionsTests" name="AddEventKit_CalledTwice_DoesNotDuplicate" />
    </UnitTest>
    <UnitTest name="JG.EventKit.Tests.EventHandlerRegistryTests.GetSubscriptions_RegisteredEventType_ReturnsSortedByPriority" storage="c:\dev\libs\dotnet\dotnet-event-kit\tests\jg.eventkit.tests\bin\release\net8.0\jg.eventkit.tests.dll" id="4306ec78-b714-af02-8fa6-38fe29c97296">
      <Execution id="7c0f17a8-41e8-4dc2-a4c9-321b28287d0e" />
      <TestMethod codeBase="C:\Dev\libs\dotnet\dotnet-event-kit\tests\JG.EventKit.Tests\bin\Release\net8.0\JG.EventKit.Tests.dll" adapterTypeName="executor://xunit/VsTestRunner2/netcoreapp" className="JG.EventKit.Tests.EventHandlerRegistryTests" name="GetSubscriptions_RegisteredEventType_ReturnsSortedByPriority" />
    </UnitTest>
    <UnitTest name="JG.EventKit.Tests.EventKitOptionsTests.MaxParallelHandlers_ValidValue_Sets" storage="c:\dev\libs\dotnet\dotnet-event-kit\tests\jg.eventkit.tests\bin\release\net8.0\jg.eventkit.tests.dll" id="76c2dcf4-3a66-ee12-0acb-fe6755ddad39">
      <Execution id="ae99d7db-e248-4000-bd22-c108e10b03c1" />
      <TestMethod codeBase="C:\Dev\libs\dotnet\dotnet-event-kit\tests\JG.EventKit.Tests\bin\Release\net8.0\JG.EventKit.Tests.dll" adapterTypeName="executor://xunit/VsTestRunner2/netcoreapp" className="JG.EventKit.Tests.EventKitOptionsTests" name="MaxParallelHandlers_ValidValue_Sets" />
    </UnitTest>
    <UnitTest name="JG.EventKit.Tests.EventHandlerRegistryTests.GetSubscriptions_UnregisteredEventType_ReturnsEmpty" storage="c:\dev\libs\dotnet\dotnet-event-kit\tests\jg.eventkit.tests\bin\release\net8.0\jg.eventkit.tests.dll" id="ac13f7a4-727b-b948-bd8b-4fb790b571bb">
      <Execution id="864d333b-65f6-4513-8938-511410cb9f16" />
      <TestMethod codeBase="C:\Dev\libs\dotnet\dotnet-event-kit\tests\JG.EventKit.Tests\bin\Release\net8.0\JG.EventKit.Tests.dll" adapterTypeName="executor://xunit/VsTestRunner2/netcoreapp" className="JG.EventKit.Tests.EventHandlerRegistryTests" name="GetSubscriptions_UnregisteredEventType_ReturnsEmpty" />
    </UnitTest>
    <UnitTest name="JG.EventKit.Tests.EventBusTests.PublishAsync_CancelledToken_ThrowsOperationCancelledException" storage="c:\dev\libs\dotnet\dotnet-event-kit\tests\jg.eventkit.tests\bin\release\net8.0\jg.eventkit.tests.dll" id="3ec48ed3-1dc5-94c8-304e-0b9cf9c47930">
      <Execution id="6938652d-8d48-4980-97b0-744d6d579cb3" />
      <TestMethod codeBase="C:\Dev\libs\dotnet\dotnet-event-kit\tests\JG.EventKit.Tests\bin\Release\net8.0\JG.EventKit.Tests.dll" adapterTypeName="executor://xunit/VsTestRunner2/netcoreapp" className="JG.EventKit.Tests.EventBusTests" name="PublishAsync_CancelledToken_ThrowsOperationCancelledException" />
    </UnitTest>
    <UnitTest name="JG.EventKit.Tests.EventKitOptionsTests.MaxParallelHandlers_Zero_ThrowsArgumentOutOfRange" storage="c:\dev\libs\dotnet\dotnet-event-kit\tests\jg.eventkit.tests\bin\release\net8.0\jg.eventkit.tests.dll" id="38e6cc51-fcab-dd7c-77da-0f21d9e8f197">
      <Execution id="0e7bd7d2-9b60-4329-85d1-8dfbab969123" />
      <TestMethod codeBase="C:\Dev\libs\dotnet\dotnet-event-kit\tests\JG.EventKit.Tests\bin\Release\net8.0\JG.EventKit.Tests.dll" adapterTypeName="executor://xunit/VsTestRunner2/netcoreapp" className="JG.EventKit.Tests.EventKitOptionsTests" name="MaxParallelHandlers_Zero_ThrowsArgumentOutOfRange" />
    </UnitTest>
    <UnitTest name="JG.EventKit.Tests.ServiceCollectionExtensionsTests.AddEventKit_WithOptions_ConfiguresOptions" storage="c:\dev\libs\dotnet\dotnet-event-kit\tests\jg.eventkit.tests\bin\release\net8.0\jg.eventkit.tests.dll" id="cb0b92fc-51da-1ec5-851f-069c72e5103e">
      <Execution id="6d667c8f-d870-49b3-95e7-a8c77cddc619" />
      <TestMethod codeBase="C:\Dev\libs\dotnet\dotnet-event-kit\tests\JG.EventKit.Tests\bin\Release\net8.0\JG.EventKit.Tests.dll" adapterTypeName="executor://xunit/VsTestRunner2/netcoreapp" className="JG.EventKit.Tests.ServiceCollectionExtensionsTests" name="AddEventKit_WithOptions_ConfiguresOptions" />
    </UnitTest>
    <UnitTest name="JG.EventKit.Tests.ServiceCollectionExtensionsTests.AddEventMiddleware_RegistersMiddleware" storage="c:\dev\libs\dotnet\dotnet-event-kit\tests\jg.eventkit.tests\bin\release\net8.0\jg.eventkit.tests.dll" id="3874cd42-bc92-c606-6e62-1954247d173d">
      <Execution id="6c2bf513-a78f-4d7c-bb95-51ccb55831c8" />
      <TestMethod codeBase="C:\Dev\libs\dotnet\dotnet-event-kit\tests\JG.EventKit.Tests\bin\Release\net8.0\JG.EventKit.Tests.dll" adapterTypeName="executor://xunit/VsTestRunner2/netcoreapp" className="JG.EventKit.Tests.ServiceCollectionExtensionsTests" name="AddEventMiddleware_RegistersMiddleware" />
    </UnitTest>
    <UnitTest name="JG.EventKit.Tests.EventBusTests.PublishAsync_MultipleHandlers_InvokesAll" storage="c:\dev\libs\dotnet\dotnet-event-kit\tests\jg.eventkit.tests\bin\release\net8.0\jg.eventkit.tests.dll" id="457bf962-9e29-4e4e-7a4b-bca003387df6">
      <Execution id="c27401b8-531b-40c6-89a2-b99644754ed1" />
      <TestMethod codeBase="C:\Dev\libs\dotnet\dotnet-event-kit\tests\JG.EventKit.Tests\bin\Release\net8.0\JG.EventKit.Tests.dll" adapterTypeName="executor://xunit/VsTestRunner2/netcoreapp" className="JG.EventKit.Tests.EventBusTests" name="PublishAsync_MultipleHandlers_InvokesAll" />
    </UnitTest>
    <UnitTest name="JG.EventKit.Tests.EventBusTests.PublishAsync_ParallelWithFilter_SkipsFilteredHandlers" storage="c:\dev\libs\dotnet\dotnet-event-kit\tests\jg.eventkit.tests\bin\release\net8.0\jg.eventkit.tests.dll" id="6174963d-2bfd-2f78-3292-f9b90e335a18">
      <Execution id="734c0117-717f-488c-9d4b-ade842bfedc6" />
      <TestMethod codeBase="C:\Dev\libs\dotnet\dotnet-event-kit\tests\JG.EventKit.Tests\bin\Release\net8.0\JG.EventKit.Tests.dll" adapterTypeName="executor://xunit/VsTestRunner2/netcoreapp" className="JG.EventKit.Tests.EventBusTests" name="PublishAsync_ParallelWithFilter_SkipsFilteredHandlers" />
    </UnitTest>
    <UnitTest name="JG.EventKit.Tests.EventBusTests.PublishAsync_HandlersWithPriority_ExecutesInPriorityOrder" storage="c:\dev\libs\dotnet\dotnet-event-kit\tests\jg.eventkit.tests\bin\release\net8.0\jg.eventkit.tests.dll" id="4fb8becb-4c96-6ab8-d762-0c83298e3798">
      <Execution id="8073cf2c-7f23-4b4f-bd97-9d8f214b78ce" />
      <TestMethod codeBase="C:\Dev\libs\dotnet\dotnet-event-kit\tests\JG.EventKit.Tests\bin\Release\net8.0\JG.EventKit.Tests.dll" adapterTypeName="executor://xunit/VsTestRunner2/netcoreapp" className="JG.EventKit.Tests.EventBusTests" name="PublishAsync_HandlersWithPriority_ExecutesInPriorityOrder" />
    </UnitTest>
    <UnitTest name="JG.EventKit.Tests.EventBusTests.PublishAsync_ParallelNoMatchingHandlers_InvokesDeadLetter" storage="c:\dev\libs\dotnet\dotnet-event-kit\tests\jg.eventkit.tests\bin\release\net8.0\jg.eventkit.tests.dll" id="32a90e82-2864-85b3-cb9d-f82273e3455f">
      <Execution id="f426a2dd-09a0-4b0a-b231-45149f1e0e9e" />
      <TestMethod codeBase="C:\Dev\libs\dotnet\dotnet-event-kit\tests\JG.EventKit.Tests\bin\Release\net8.0\JG.EventKit.Tests.dll" adapterTypeName="executor://xunit/VsTestRunner2/netcoreapp" className="JG.EventKit.Tests.EventBusTests" name="PublishAsync_ParallelNoMatchingHandlers_InvokesDeadLetter" />
    </UnitTest>
    <UnitTest name="JG.EventKit.Tests.EventBusTests.PublishAsync_WithFilter_SkipsNonMatchingEvents" storage="c:\dev\libs\dotnet\dotnet-event-kit\tests\jg.eventkit.tests\bin\release\net8.0\jg.eventkit.tests.dll" id="35d3c954-35ac-82cc-a3ff-671517379f68">
      <Execution id="dd45fda4-b2c0-4c08-a7a8-ca74a4d4f6e8" />
      <TestMethod codeBase="C:\Dev\libs\dotnet\dotnet-event-kit\tests\JG.EventKit.Tests\bin\Release\net8.0\JG.EventKit.Tests.dll" adapterTypeName="executor://xunit/VsTestRunner2/netcoreapp" className="JG.EventKit.Tests.EventBusTests" name="PublishAsync_WithFilter_SkipsNonMatchingEvents" />
    </UnitTest>
    <UnitTest name="JG.EventKit.Tests.EventKitOptionsTests.DeadLetterHandler_DefaultValue_IsNull" storage="c:\dev\libs\dotnet\dotnet-event-kit\tests\jg.eventkit.tests\bin\release\net8.0\jg.eventkit.tests.dll" id="60ebf9d4-479d-42a0-a6f0-2d9f31c65e92">
      <Execution id="0b7fc40d-9a78-49ee-a83f-31ea842db84a" />
      <TestMethod codeBase="C:\Dev\libs\dotnet\dotnet-event-kit\tests\JG.EventKit.Tests\bin\Release\net8.0\JG.EventKit.Tests.dll" adapterTypeName="executor://xunit/VsTestRunner2/netcoreapp" className="JG.EventKit.Tests.EventKitOptionsTests" name="DeadLetterHandler_DefaultValue_IsNull" />
    </UnitTest>
    <UnitTest name="JG.EventKit.Tests.ServiceCollectionExtensionsTests.AddEventHandler_DefaultLifetime_IsTransient" storage="c:\dev\libs\dotnet\dotnet-event-kit\tests\jg.eventkit.tests\bin\release\net8.0\jg.eventkit.tests.dll" id="663d1393-c30c-c978-90ac-8d11718005e4">
      <Execution id="f76a2202-ef56-4902-be07-754d5037794a" />
      <TestMethod codeBase="C:\Dev\libs\dotnet\dotnet-event-kit\tests\JG.EventKit.Tests\bin\Release\net8.0\JG.EventKit.Tests.dll" adapterTypeName="executor://xunit/VsTestRunner2/netcoreapp" className="JG.EventKit.Tests.ServiceCollectionExtensionsTests" name="AddEventHandler_DefaultLifetime_IsTransient" />
    </UnitTest>
    <UnitTest name="JG.EventKit.Tests.EventBusTests.PublishAsync_MiddlewareShortCircuits_HandlersNotInvoked" storage="c:\dev\libs\dotnet\dotnet-event-kit\tests\jg.eventkit.tests\bin\release\net8.0\jg.eventkit.tests.dll" id="d856038e-3343-4089-8787-f62ecfe96b05">
      <Execution id="a2143914-546f-4c5f-a89a-3735f68ea9ae" />
      <TestMethod codeBase="C:\Dev\libs\dotnet\dotnet-event-kit\tests\JG.EventKit.Tests\bin\Release\net8.0\JG.EventKit.Tests.dll" adapterTypeName="executor://xunit/VsTestRunner2/netcoreapp" className="JG.EventKit.Tests.EventBusTests" name="PublishAsync_MiddlewareShortCircuits_HandlersNotInvoked" />
    </UnitTest>
    <UnitTest name="JG.EventKit.Tests.ServiceCollectionExtensionsTests.AddEventHandler_ScopedLifetime_RegistersAsScoped" storage="c:\dev\libs\dotnet\dotnet-event-kit\tests\jg.eventkit.tests\bin\release\net8.0\jg.eventkit.tests.dll" id="4138b745-fd5a-a661-89c7-06e39d8dba6d">
      <Execution id="09cb35dc-73cb-4922-a7d9-c67893dd7314" />
      <TestMethod codeBase="C:\Dev\libs\dotnet\dotnet-event-kit\tests\JG.EventKit.Tests\bin\Release\net8.0\JG.EventKit.Tests.dll" adapterTypeName="executor://xunit/VsTestRunner2/netcoreapp" className="JG.EventKit.Tests.ServiceCollectionExtensionsTests" name="AddEventHandler_ScopedLifetime_RegistersAsScoped" />
    </UnitTest>
    <UnitTest name="JG.EventKit.Tests.ServiceCollectionExtensionsTests.AddEventKit_RegistersEventBus" storage="c:\dev\libs\dotnet\dotnet-event-kit\tests\jg.eventkit.tests\bin\release\net8.0\jg.eventkit.tests.dll" id="2954c5fc-27b6-4264-2add-40ffa8b3500e">
      <Execution id="118c1d73-ff2f-4584-9ed4-6cdb1ababd2d" />
      <TestMethod codeBase="C:\Dev\libs\dotnet\dotnet-event-kit\tests\JG.EventKit.Tests\bin\Release\net8.0\JG.EventKit.Tests.dll" adapterTypeName="executor://xunit/VsTestRunner2/netcoreapp" className="JG.EventKit.Tests.ServiceCollectionExtensionsTests" name="AddEventKit_RegistersEventBus" />
    </UnitTest>
    <UnitTest name="JG.EventKit.Tests.ServiceCollectionExtensionsTests.AddEventHandler_NullServices_ThrowsArgumentNullException" storage="c:\dev\libs\dotnet\dotnet-event-kit\tests\jg.eventkit.tests\bin\release\net8.0\jg.eventkit.tests.dll" id="3643f4a1-2b9e-1e91-bf2b-06add91c79d5">
      <Execution id="9f3789ec-0414-477f-a0ac-491ad1f1e741" />
      <TestMethod codeBase="C:\Dev\libs\dotnet\dotnet-event-kit\tests\JG.EventKit.Tests\bin\Release\net8.0\JG.EventKit.Tests.dll" adapterTypeName="executor://xunit/VsTestRunner2/netcoreapp" className="JG.EventKit.Tests.ServiceCollectionExtensionsTests" name="AddEventHandler_NullServices_ThrowsArgumentNullException" />
    </UnitTest>
    <UnitTest name="JG.EventKit.Tests.EventKitOptionsTests.MaxParallelHandlers_DefaultValue_IsOne" storage="c:\dev\libs\dotnet\dotnet-event-kit\tests\jg.eventkit.tests\bin\release\net8.0\jg.eventkit.tests.dll" id="877e4767-d0ee-3fe2-78e5-5e76c6ebcea8">
      <Execution id="b569ca9f-e07c-4ce2-bc35-04225bb99394" />
      <TestMethod codeBase="C:\Dev\libs\dotnet\dotnet-event-kit\tests\JG.EventKit.Tests\bin\Release\net8.0\JG.EventKit.Tests.dll" adapterTypeName="executor://xunit/VsTestRunner2/netcoreapp" className="JG.EventKit.Tests.EventKitOptionsTests" name="MaxParallelHandlers_DefaultValue_IsOne" />
    </UnitTest>
    <UnitTest name="JG.EventKit.Tests.EventBusTests.PublishAsync_ParallelAggregate_CollectsAllExceptions" storage="c:\dev\libs\dotnet\dotnet-event-kit\tests\jg.eventkit.tests\bin\release\net8.0\jg.eventkit.tests.dll" id="9080a454-6ae3-5246-ef51-732563c02bbf">
      <Execution id="32780f4c-6ce5-4f97-b4e5-a655776dab78" />
      <TestMethod codeBase="C:\Dev\libs\dotnet\dotnet-event-kit\tests\JG.EventKit.Tests\bin\Release\net8.0\JG.EventKit.Tests.dll" adapterTypeName="executor://xunit/VsTestRunner2/netcoreapp" className="JG.EventKit.Tests.EventBusTests" name="PublishAsync_ParallelAggregate_CollectsAllExceptions" />
    </UnitTest>
    <UnitTest name="JG.EventKit.Tests.EventHandlerRegistryTests.GetSubscriptions_NoSubscriptions_ReturnsEmpty" storage="c:\dev\libs\dotnet\dotnet-event-kit\tests\jg.eventkit.tests\bin\release\net8.0\jg.eventkit.tests.dll" id="f4360ae0-06be-ba7f-7c9c-c65d85b50a84">
      <Execution id="5ab65758-ec54-4bdd-9672-81932595cc86" />
      <TestMethod codeBase="C:\Dev\libs\dotnet\dotnet-event-kit\tests\JG.EventKit.Tests\bin\Release\net8.0\JG.EventKit.Tests.dll" adapterTypeName="executor://xunit/VsTestRunner2/netcoreapp" className="JG.EventKit.Tests.EventHandlerRegistryTests" name="GetSubscriptions_NoSubscriptions_ReturnsEmpty" />
    </UnitTest>
    <UnitTest name="JG.EventKit.Tests.DeadLetterEventTests.Constructor_SetsProperties" storage="c:\dev\libs\dotnet\dotnet-event-kit\tests\jg.eventkit.tests\bin\release\net8.0\jg.eventkit.tests.dll" id="328bbe06-3100-842c-e29d-cde76260ef52">
      <Execution id="eb7b7343-d839-4c53-a07c-74aea7033db5" />
      <TestMethod codeBase="C:\Dev\libs\dotnet\dotnet-event-kit\tests\JG.EventKit.Tests\bin\Release\net8.0\JG.EventKit.Tests.dll" adapterTypeName="executor://xunit/VsTestRunner2/netcoreapp" className="JG.EventKit.Tests.DeadLetterEventTests" name="Constructor_SetsProperties" />
    </UnitTest>
    <UnitTest name="JG.EventKit.Tests.EventBusTests.PublishAsync_NoHandlersNoDeadLetter_CompletesSuccessfully" storage="c:\dev\libs\dotnet\dotnet-event-kit\tests\jg.eventkit.tests\bin\release\net8.0\jg.eventkit.tests.dll" id="b6936a8f-cf03-819f-5fd6-47158fd998ec">
      <Execution id="97aca176-1d23-4265-890c-278372474780" />
      <TestMethod codeBase="C:\Dev\libs\dotnet\dotnet-event-kit\tests\JG.EventKit.Tests\bin\Release\net8.0\JG.EventKit.Tests.dll" adapterTypeName="executor://xunit/VsTestRunner2/netcoreapp" className="JG.EventKit.Tests.EventBusTests" name="PublishAsync_NoHandlersNoDeadLetter_CompletesSuccessfully" />
    </UnitTest>
    <UnitTest name="JG.EventKit.Tests.EventBusTests.PublishAsync_Aggregate_CollectsAllExceptions" storage="c:\dev\libs\dotnet\dotnet-event-kit\tests\jg.eventkit.tests\bin\release\net8.0\jg.eventkit.tests.dll" id="bc2ab879-461a-028f-bd66-87209a99e39d">
      <Execution id="0146d6e0-222d-4cbb-af71-9298c24eb92f" />
      <TestMethod codeBase="C:\Dev\libs\dotnet\dotnet-event-kit\tests\JG.EventKit.Tests\bin\Release\net8.0\JG.EventKit.Tests.dll" adapterTypeName="executor://xunit/VsTestRunner2/netcoreapp" className="JG.EventKit.Tests.EventBusTests" name="PublishAsync_Aggregate_CollectsAllExceptions" />
    </UnitTest>
    <UnitTest name="JG.EventKit.Tests.EventBusTests.PublishAsync_DeadLetterHandlerThrows_LogsAndCompletes" storage="c:\dev\libs\dotnet\dotnet-event-kit\tests\jg.eventkit.tests\bin\release\net8.0\jg.eventkit.tests.dll" id="2257ac13-4e51-0dbe-49da-e90e10358f37">
      <Execution id="f98859d4-d0dd-4f08-b4fe-0ba8fb2f784e" />
      <TestMethod codeBase="C:\Dev\libs\dotnet\dotnet-event-kit\tests\JG.EventKit.Tests\bin\Release\net8.0\JG.EventKit.Tests.dll" adapterTypeName="executor://xunit/VsTestRunner2/netcoreapp" className="JG.EventKit.Tests.EventBusTests" name="PublishAsync_DeadLetterHandlerThrows_LogsAndCompletes" />
    </UnitTest>
    <UnitTest name="JG.EventKit.Tests.EventKitOptionsTests.OnError_DefaultValue_IsLogAndContinue" storage="c:\dev\libs\dotnet\dotnet-event-kit\tests\jg.eventkit.tests\bin\release\net8.0\jg.eventkit.tests.dll" id="fd68f88f-99b0-519e-2d35-93b84588aeee">
      <Execution id="b11873f0-4a0a-4256-94e8-ee22830a2e01" />
      <TestMethod codeBase="C:\Dev\libs\dotnet\dotnet-event-kit\tests\JG.EventKit.Tests\bin\Release\net8.0\JG.EventKit.Tests.dll" adapterTypeName="executor://xunit/VsTestRunner2/netcoreapp" className="JG.EventKit.Tests.EventKitOptionsTests" name="OnError_DefaultValue_IsLogAndContinue" />
    </UnitTest>
    <UnitTest name="JG.EventKit.Tests.ServiceCollectionExtensionsTests.AddEventHandler_RegistersSubscription" storage="c:\dev\libs\dotnet\dotnet-event-kit\tests\jg.eventkit.tests\bin\release\net8.0\jg.eventkit.tests.dll" id="96fe5582-811f-9683-92cb-9b4202c0f89b">
      <Execution id="af4cbc5d-9d1d-4f74-b74c-55c6800a592c" />
      <TestMethod codeBase="C:\Dev\libs\dotnet\dotnet-event-kit\tests\JG.EventKit.Tests\bin\Release\net8.0\JG.EventKit.Tests.dll" adapterTypeName="executor://xunit/VsTestRunner2/netcoreapp" className="JG.EventKit.Tests.ServiceCollectionExtensionsTests" name="AddEventHandler_RegistersSubscription" />
    </UnitTest>
    <UnitTest name="JG.EventKit.Tests.EventBusTests.PublishAsync_EqualPriority_MaintainsRegistrationOrder" storage="c:\dev\libs\dotnet\dotnet-event-kit\tests\jg.eventkit.tests\bin\release\net8.0\jg.eventkit.tests.dll" id="0addf868-b0e8-b47a-430e-ec5227c695e0">
      <Execution id="ee57ac70-5f53-4e57-91f9-a287b43e8532" />
      <TestMethod codeBase="C:\Dev\libs\dotnet\dotnet-event-kit\tests\JG.EventKit.Tests\bin\Release\net8.0\JG.EventKit.Tests.dll" adapterTypeName="executor://xunit/VsTestRunner2/netcoreapp" className="JG.EventKit.Tests.EventBusTests" name="PublishAsync_EqualPriority_MaintainsRegistrationOrder" />
    </UnitTest>
    <UnitTest name="JG.EventKit.Tests.EventBusTests.PublishAsync_HandlerThrowsOperationCancelled_AlwaysPropagates" storage="c:\dev\libs\dotnet\dotnet-event-kit\tests\jg.eventkit.tests\bin\release\net8.0\jg.eventkit.tests.dll" id="a6e66932-61be-e287-19d1-fc760de33686">
      <Execution id="2e6c8ff3-6623-487e-a5a7-5c8a804651ff" />
      <TestMethod codeBase="C:\Dev\libs\dotnet\dotnet-event-kit\tests\JG.EventKit.Tests\bin\Release\net8.0\JG.EventKit.Tests.dll" adapterTypeName="executor://xunit/VsTestRunner2/netcoreapp" className="JG.EventKit.Tests.EventBusTests" name="PublishAsync_HandlerThrowsOperationCancelled_AlwaysPropagates" />
    </UnitTest>
    <UnitTest name="JG.EventKit.Tests.ServiceCollectionExtensionsTests.AddEventHandler_WithFilter_SetsHasFilter" storage="c:\dev\libs\dotnet\dotnet-event-kit\tests\jg.eventkit.tests\bin\release\net8.0\jg.eventkit.tests.dll" id="46c491e1-5158-622b-0c0b-ac0af4267f7f">
      <Execution id="f2e01143-4bb3-46a0-9669-064459851c29" />
      <TestMethod codeBase="C:\Dev\libs\dotnet\dotnet-event-kit\tests\JG.EventKit.Tests\bin\Release\net8.0\JG.EventKit.Tests.dll" adapterTypeName="executor://xunit/VsTestRunner2/netcoreapp" className="JG.EventKit.Tests.ServiceCollectionExtensionsTests" name="AddEventHandler_WithFilter_SetsHasFilter" />
    </UnitTest>
    <UnitTest name="JG.EventKit.Tests.EventBusTests.PublishAsync_ParallelLogAndContinue_CompletesAllHandlers" storage="c:\dev\libs\dotnet\dotnet-event-kit\tests\jg.eventkit.tests\bin\release\net8.0\jg.eventkit.tests.dll" id="77df3814-14a5-0521-633e-b03f1fd19d3b">
      <Execution id="a45762a2-f410-4843-9802-1879fc47f1c0" />
      <TestMethod codeBase="C:\Dev\libs\dotnet\dotnet-event-kit\tests\JG.EventKit.Tests\bin\Release\net8.0\JG.EventKit.Tests.dll" adapterTypeName="executor://xunit/VsTestRunner2/netcoreapp" className="JG.EventKit.Tests.EventBusTests" name="PublishAsync_ParallelLogAndContinue_CompletesAllHandlers" />
    </UnitTest>
    <UnitTest name="JG.EventKit.Tests.EventBusTests.PublishAsync_ParallelHandlers_InvokesAllHandlers" storage="c:\dev\libs\dotnet\dotnet-event-kit\tests\jg.eventkit.tests\bin\release\net8.0\jg.eventkit.tests.dll" id="a58055e2-f937-3d25-ba86-1166e456e240">
      <Execution id="29cbce28-3f5b-4af3-832c-d716d9284377" />
      <TestMethod codeBase="C:\Dev\libs\dotnet\dotnet-event-kit\tests\JG.EventKit.Tests\bin\Release\net8.0\JG.EventKit.Tests.dll" adapterTypeName="executor://xunit/VsTestRunner2/netcoreapp" className="JG.EventKit.Tests.EventBusTests" name="PublishAsync_ParallelHandlers_InvokesAllHandlers" />
    </UnitTest>
    <UnitTest name="JG.EventKit.Tests.EventBusTests.PublishAsync_ConcurrentPublishes_AllComplete" storage="c:\dev\libs\dotnet\dotnet-event-kit\tests\jg.eventkit.tests\bin\release\net8.0\jg.eventkit.tests.dll" id="8f46836d-fcdf-7f3a-6b72-06295452824e">
      <Execution id="0574664e-bb27-4998-962d-692873ae598b" />
      <TestMethod codeBase="C:\Dev\libs\dotnet\dotnet-event-kit\tests\JG.EventKit.Tests\bin\Release\net8.0\JG.EventKit.Tests.dll" adapterTypeName="executor://xunit/VsTestRunner2/netcoreapp" className="JG.EventKit.Tests.EventBusTests" name="PublishAsync_ConcurrentPublishes_AllComplete" />
    </UnitTest>
    <UnitTest name="JG.EventKit.Tests.EventBusTests.PublishAsync_Aggregate_MultipleFailures_CollectsAll" storage="c:\dev\libs\dotnet\dotnet-event-kit\tests\jg.eventkit.tests\bin\release\net8.0\jg.eventkit.tests.dll" id="48db49f6-56a7-c354-f391-8d105a85ab10">
      <Execution id="267a0fd5-dc57-4bed-b5f9-e66a166c5986" />
      <TestMethod codeBase="C:\Dev\libs\dotnet\dotnet-event-kit\tests\JG.EventKit.Tests\bin\Release\net8.0\JG.EventKit.Tests.dll" adapterTypeName="executor://xunit/VsTestRunner2/netcoreapp" className="JG.EventKit.Tests.EventBusTests" name="PublishAsync_Aggregate_MultipleFailures_CollectsAll" />
    </UnitTest>
    <UnitTest name="JG.EventKit.Tests.EventBusTests.PublishAsync_StopOnFirst_ThrowsOnFirstFailure" storage="c:\dev\libs\dotnet\dotnet-event-kit\tests\jg.eventkit.tests\bin\release\net8.0\jg.eventkit.tests.dll" id="a4bbc98a-3f80-bf58-4485-71267caf0846">
      <Execution id="17e08e1b-4338-44aa-85e8-f3548cadadd8" />
      <TestMethod codeBase="C:\Dev\libs\dotnet\dotnet-event-kit\tests\JG.EventKit.Tests\bin\Release\net8.0\JG.EventKit.Tests.dll" adapterTypeName="executor://xunit/VsTestRunner2/netcoreapp" className="JG.EventKit.Tests.EventBusTests" name="PublishAsync_StopOnFirst_ThrowsOnFirstFailure" />
    </UnitTest>
    <UnitTest name="JG.EventKit.Tests.EventBusTests.PublishAsync_NoHandlers_InvokesDeadLetterHandler" storage="c:\dev\libs\dotnet\dotnet-event-kit\tests\jg.eventkit.tests\bin\release\net8.0\jg.eventkit.tests.dll" id="2574846c-aef1-27ef-45f8-baebf2378c00">
      <Execution id="017b8ee2-3b61-4308-b7c9-cd184bb83f55" />
      <TestMethod codeBase="C:\Dev\libs\dotnet\dotnet-event-kit\tests\JG.EventKit.Tests\bin\Release\net8.0\JG.EventKit.Tests.dll" adapterTypeName="executor://xunit/VsTestRunner2/netcoreapp" className="JG.EventKit.Tests.EventBusTests" name="PublishAsync_NoHandlers_InvokesDeadLetterHandler" />
    </UnitTest>
    <UnitTest name="JG.EventKit.Tests.EventBusTests.EventBus_InvalidErrorPolicy_ThrowsOnConstruction" storage="c:\dev\libs\dotnet\dotnet-event-kit\tests\jg.eventkit.tests\bin\release\net8.0\jg.eventkit.tests.dll" id="92d1cf99-0df9-d76a-6247-d19793fe20f5">
      <Execution id="54d0241d-8ce8-4aa1-a20a-282b840312c9" />
      <TestMethod codeBase="C:\Dev\libs\dotnet\dotnet-event-kit\tests\JG.EventKit.Tests\bin\Release\net8.0\JG.EventKit.Tests.dll" adapterTypeName="executor://xunit/VsTestRunner2/netcoreapp" className="JG.EventKit.Tests.EventBusTests" name="EventBus_InvalidErrorPolicy_ThrowsOnConstruction" />
    </UnitTest>
    <UnitTest name="JG.EventKit.Tests.EventBusTests.PublishAsync_MultipleMiddleware_ExecutesInRegistrationOrder" storage="c:\dev\libs\dotnet\dotnet-event-kit\tests\jg.eventkit.tests\bin\release\net8.0\jg.eventkit.tests.dll" id="a944a5c0-872e-cab4-7a32-f3df2e740ae0">
      <Execution id="1debbfbf-4bf0-4032-a052-575238b99a0f" />
      <TestMethod codeBase="C:\Dev\libs\dotnet\dotnet-event-kit\tests\JG.EventKit.Tests\bin\Release\net8.0\JG.EventKit.Tests.dll" adapterTypeName="executor://xunit/VsTestRunner2/netcoreapp" className="JG.EventKit.Tests.EventBusTests" name="PublishAsync_MultipleMiddleware_ExecutesInRegistrationOrder" />
    </UnitTest>
    <UnitTest name="JG.EventKit.Tests.EventBusTests.PublishAsync_AsyncHandler_CompletesSuccessfully" storage="c:\dev\libs\dotnet\dotnet-event-kit\tests\jg.eventkit.tests\bin\release\net8.0\jg.eventkit.tests.dll" id="1a41243d-f70c-9219-e905-89a5809a1251">
      <Execution id="dcda4903-40b4-4cb8-be3b-6ba0d0e97265" />
      <TestMethod codeBase="C:\Dev\libs\dotnet\dotnet-event-kit\tests\JG.EventKit.Tests\bin\Release\net8.0\JG.EventKit.Tests.dll" adapterTypeName="executor://xunit/VsTestRunner2/netcoreapp" className="JG.EventKit.Tests.EventBusTests" name="PublishAsync_AsyncHandler_CompletesSuccessfully" />
    </UnitTest>
    <UnitTest name="JG.EventKit.Tests.EventBusTests.PublishAsync_WithMiddleware_ExecutesPipeline" storage="c:\dev\libs\dotnet\dotnet-event-kit\tests\jg.eventkit.tests\bin\release\net8.0\jg.eventkit.tests.dll" id="8d86e5a7-d53a-e696-2de7-09bed1dbf668">
      <Execution id="0b984ec4-9fc8-4e07-a1d7-fb7df9c9398e" />
      <TestMethod codeBase="C:\Dev\libs\dotnet\dotnet-event-kit\tests\JG.EventKit.Tests\bin\Release\net8.0\JG.EventKit.Tests.dll" adapterTypeName="executor://xunit/VsTestRunner2/netcoreapp" className="JG.EventKit.Tests.EventBusTests" name="PublishAsync_WithMiddleware_ExecutesPipeline" />
    </UnitTest>
    <UnitTest name="JG.EventKit.Tests.EventBusTests.PublishAsync_MiddlewareThrows_PropagatesException" storage="c:\dev\libs\dotnet\dotnet-event-kit\tests\jg.eventkit.tests\bin\release\net8.0\jg.eventkit.tests.dll" id="fb272c93-3719-2f9c-322e-154ee3e8a718">
      <Execution id="74a65b01-1704-4f0e-8c40-9f8088fded0b" />
      <TestMethod codeBase="C:\Dev\libs\dotnet\dotnet-event-kit\tests\JG.EventKit.Tests\bin\Release\net8.0\JG.EventKit.Tests.dll" adapterTypeName="executor://xunit/VsTestRunner2/netcoreapp" className="JG.EventKit.Tests.EventBusTests" name="PublishAsync_MiddlewareThrows_PropagatesException" />
    </UnitTest>
    <UnitTest name="JG.EventKit.Tests.EventKitOptionsTests.MaxParallelHandlers_Negative_ThrowsArgumentOutOfRange" storage="c:\dev\libs\dotnet\dotnet-event-kit\tests\jg.eventkit.tests\bin\release\net8.0\jg.eventkit.tests.dll" id="511eda7b-00df-dcdf-1525-684a0b6794a9">
      <Execution id="6b23de0e-50d4-446d-b710-d9307f57bf0c" />
      <TestMethod codeBase="C:\Dev\libs\dotnet\dotnet-event-kit\tests\JG.EventKit.Tests\bin\Release\net8.0\JG.EventKit.Tests.dll" adapterTypeName="executor://xunit/VsTestRunner2/netcoreapp" className="JG.EventKit.Tests.EventKitOptionsTests" name="MaxParallelHandlers_Negative_ThrowsArgumentOutOfRange" />
    </UnitTest>
    <UnitTest name="JG.EventKit.Tests.EventBusTests.PublishAsync_AllFiltered_InvokesDeadLetter" storage="c:\dev\libs\dotnet\dotnet-event-kit\tests\jg.eventkit.tests\bin\release\net8.0\jg.eventkit.tests.dll" id="8c6a112c-87ea-f530-da00-1bec8c0c950f">
      <Execution id="b9c85ea7-c2fe-4aa9-a30e-cd9d73890379" />
      <TestMethod codeBase="C:\Dev\libs\dotnet\dotnet-event-kit\tests\JG.EventKit.Tests\bin\Release\net8.0\JG.EventKit.Tests.dll" adapterTypeName="executor://xunit/VsTestRunner2/netcoreapp" className="JG.EventKit.Tests.EventBusTests" name="PublishAsync_AllFiltered_InvokesDeadLetter" />
    </UnitTest>
  </TestDefinitions>
  <TestEntries>
    <TestEntry testId="32a90e82-2864-85b3-cb9d-f82273e3455f" executionId="f426a2dd-09a0-4b0a-b231-45149f1e0e9e" testListId="8c84fa94-04c1-424b-9868-57a2d4851a1d" />
    <TestEntry testId="9080a454-6ae3-5246-ef51-732563c02bbf" executionId="32780f4c-6ce5-4f97-b4e5-a655776dab78" testListId="8c84fa94-04c1-424b-9868-57a2d4851a1d" />
    <TestEntry testId="fd68f88f-99b0-519e-2d35-93b84588aeee" executionId="b11873f0-4a0a-4256-94e8-ee22830a2e01" testListId="8c84fa94-04c1-424b-9868-57a2d4851a1d" />
    <TestEntry testId="ac13f7a4-727b-b948-bd8b-4fb790b571bb" executionId="864d333b-65f6-4513-8938-511410cb9f16" testListId="8c84fa94-04c1-424b-9868-57a2d4851a1d" />
    <TestEntry testId="4306ec78-b714-af02-8fa6-38fe29c97296" executionId="7c0f17a8-41e8-4dc2-a4c9-321b28287d0e" testListId="8c84fa94-04c1-424b-9868-57a2d4851a1d" />
    <TestEntry testId="35d3c954-35ac-82cc-a3ff-671517379f68" executionId="dd45fda4-b2c0-4c08-a7a8-ca74a4d4f6e8" testListId="8c84fa94-04c1-424b-9868-57a2d4851a1d" />
    <TestEntry testId="49be4c5d-e4b4-4867-8fb1-08bb972f32a8" executionId="37a31856-32c4-46a5-bbda-4c4924856687" testListId="8c84fa94-04c1-424b-9868-57a2d4851a1d" />
    <TestEntry testId="663d1393-c30c-c978-90ac-8d11718005e4" executionId="f76a2202-ef56-4902-be07-754d5037794a" testListId="8c84fa94-04c1-424b-9868-57a2d4851a1d" />
    <TestEntry testId="77df3814-14a5-0521-633e-b03f1fd19d3b" executionId="a45762a2-f410-4843-9802-1879fc47f1c0" testListId="8c84fa94-04c1-424b-9868-57a2d4851a1d" />
    <TestEntry testId="a58055e2-f937-3d25-ba86-1166e456e240" executionId="29cbce28-3f5b-4af3-832c-d716d9284377" testListId="8c84fa94-04c1-424b-9868-57a2d4851a1d" />
    <TestEntry testId="e20e227b-8947-754e-8a94-f1d6be6e3f11" executionId="ff7a76fe-deef-4c6c-b5f0-75d62f1774e2" testListId="8c84fa94-04c1-424b-9868-57a2d4851a1d" />
    <TestEntry testId="38e6cc51-fcab-dd7c-77da-0f21d9e8f197" executionId="0e7bd7d2-9b60-4329-85d1-8dfbab969123" testListId="8c84fa94-04c1-424b-9868-57a2d4851a1d" />
    <TestEntry testId="877e4767-d0ee-3fe2-78e5-5e76c6ebcea8" executionId="b569ca9f-e07c-4ce2-bc35-04225bb99394" testListId="8c84fa94-04c1-424b-9868-57a2d4851a1d" />
    <TestEntry testId="8c6a112c-87ea-f530-da00-1bec8c0c950f" executionId="b9c85ea7-c2fe-4aa9-a30e-cd9d73890379" testListId="8c84fa94-04c1-424b-9868-57a2d4851a1d" />
    <TestEntry testId="cb0b92fc-51da-1ec5-851f-069c72e5103e" executionId="6d667c8f-d870-49b3-95e7-a8c77cddc619" testListId="8c84fa94-04c1-424b-9868-57a2d4851a1d" />
    <TestEntry testId="06f60a4c-a9d8-7d15-c0a5-91dcedef9c55" executionId="50304414-3f3c-408b-931b-bf231b5d492e" testListId="8c84fa94-04c1-424b-9868-57a2d4851a1d" />
    <TestEntry testId="2574846c-aef1-27ef-45f8-baebf2378c00" executionId="017b8ee2-3b61-4308-b7c9-cd184bb83f55" testListId="8c84fa94-04c1-424b-9868-57a2d4851a1d" />
    <TestEntry testId="4dd45163-8967-8654-3d8d-35e02e50545f" executionId="90fb1a68-f54f-47b5-ac06-77f0d4b14d83" testListId="8c84fa94-04c1-424b-9868-57a2d4851a1d" />
    <TestEntry testId="4138b745-fd5a-a661-89c7-06e39d8dba6d" executionId="09cb35dc-73cb-4922-a7d9-c67893dd7314" testListId="8c84fa94-04c1-424b-9868-57a2d4851a1d" />
    <TestEntry testId="d856038e-3343-4089-8787-f62ecfe96b05" executionId="a2143914-546f-4c5f-a89a-3735f68ea9ae" testListId="8c84fa94-04c1-424b-9868-57a2d4851a1d" />
    <TestEntry testId="46c491e1-5158-622b-0c0b-ac0af4267f7f" executionId="f2e01143-4bb3-46a0-9669-064459851c29" testListId="8c84fa94-04c1-424b-9868-57a2d4851a1d" />
    <TestEntry testId="76c2dcf4-3a66-ee12-0acb-fe6755ddad39" executionId="ae99d7db-e248-4000-bd22-c108e10b03c1" testListId="8c84fa94-04c1-424b-9868-57a2d4851a1d" />
    <TestEntry testId="60ebf9d4-479d-42a0-a6f0-2d9f31c65e92" executionId="0b7fc40d-9a78-49ee-a83f-31ea842db84a" testListId="8c84fa94-04c1-424b-9868-57a2d4851a1d" />
    <TestEntry testId="1a41243d-f70c-9219-e905-89a5809a1251" executionId="dcda4903-40b4-4cb8-be3b-6ba0d0e97265" testListId="8c84fa94-04c1-424b-9868-57a2d4851a1d" />
    <TestEntry testId="3643f4a1-2b9e-1e91-bf2b-06add91c79d5" executionId="9f3789ec-0414-477f-a0ac-491ad1f1e741" testListId="8c84fa94-04c1-424b-9868-57a2d4851a1d" />
    <TestEntry testId="a8fbea9f-1ccb-6b30-895b-834394d1d204" executionId="0e04498f-a2d8-4fd4-a8c9-d311245e8f45" testListId="8c84fa94-04c1-424b-9868-57a2d4851a1d" />
    <TestEntry testId="2954c5fc-27b6-4264-2add-40ffa8b3500e" executionId="118c1d73-ff2f-4584-9ed4-6cdb1ababd2d" testListId="8c84fa94-04c1-424b-9868-57a2d4851a1d" />
    <TestEntry testId="3874cd42-bc92-c606-6e62-1954247d173d" executionId="6c2bf513-a78f-4d7c-bb95-51ccb55831c8" testListId="8c84fa94-04c1-424b-9868-57a2d4851a1d" />
    <TestEntry testId="457bf962-9e29-4e4e-7a4b-bca003387df6" executionId="c27401b8-531b-40c6-89a2-b99644754ed1" testListId="8c84fa94-04c1-424b-9868-57a2d4851a1d" />
    <TestEntry testId="fb272c93-3719-2f9c-322e-154ee3e8a718" executionId="74a65b01-1704-4f0e-8c40-9f8088fded0b" testListId="8c84fa94-04c1-424b-9868-57a2d4851a1d" />
    <TestEntry testId="4fb8becb-4c96-6ab8-d762-0c83298e3798" executionId="8073cf2c-7f23-4b4f-bd97-9d8f214b78ce" testListId="8c84fa94-04c1-424b-9868-57a2d4851a1d" />
    <TestEntry testId="328bbe06-3100-842c-e29d-cde76260ef52" executionId="eb7b7343-d839-4c53-a07c-74aea7033db5" testListId="8c84fa94-04c1-424b-9868-57a2d4851a1d" />
    <TestEntry testId="4284fbfd-363c-cc7f-30ec-56ac90cb3625" executionId="b82a1963-f355-4c04-ba0d-5dd2d8e4140d" testListId="8c84fa94-04c1-424b-9868-57a2d4851a1d" />
    <TestEntry testId="511eda7b-00df-dcdf-1525-684a0b6794a9" executionId="6b23de0e-50d4-446d-b710-d9307f57bf0c" testListId="8c84fa94-04c1-424b-9868-57a2d4851a1d" />
    <TestEntry testId="0addf868-b0e8-b47a-430e-ec5227c695e0" executionId="ee57ac70-5f53-4e57-91f9-a287b43e8532" testListId="8c84fa94-04c1-424b-9868-57a2d4851a1d" />
    <TestEntry testId="f4360ae0-06be-ba7f-7c9c-c65d85b50a84" executionId="5ab65758-ec54-4bdd-9672-81932595cc86" testListId="8c84fa94-04c1-424b-9868-57a2d4851a1d" />
    <TestEntry testId="3ec48ed3-1dc5-94c8-304e-0b9cf9c47930" executionId="6938652d-8d48-4980-97b0-744d6d579cb3" testListId="8c84fa94-04c1-424b-9868-57a2d4851a1d" />
    <TestEntry testId="6174963d-2bfd-2f78-3292-f9b90e335a18" executionId="734c0117-717f-488c-9d4b-ade842bfedc6" testListId="8c84fa94-04c1-424b-9868-57a2d4851a1d" />
    <TestEntry testId="96fe5582-811f-9683-92cb-9b4202c0f89b" executionId="af4cbc5d-9d1d-4f74-b74c-55c6800a592c" testListId="8c84fa94-04c1-424b-9868-57a2d4851a1d" />
    <TestEntry testId="a6e66932-61be-e287-19d1-fc760de33686" executionId="2e6c8ff3-6623-487e-a5a7-5c8a804651ff" testListId="8c84fa94-04c1-424b-9868-57a2d4851a1d" />
    <TestEntry testId="92d1cf99-0df9-d76a-6247-d19793fe20f5" executionId="54d0241d-8ce8-4aa1-a20a-282b840312c9" testListId="8c84fa94-04c1-424b-9868-57a2d4851a1d" />
    <TestEntry testId="a944a5c0-872e-cab4-7a32-f3df2e740ae0" executionId="1debbfbf-4bf0-4032-a052-575238b99a0f" testListId="8c84fa94-04c1-424b-9868-57a2d4851a1d" />
    <TestEntry testId="8f46836d-fcdf-7f3a-6b72-06295452824e" executionId="0574664e-bb27-4998-962d-692873ae598b" testListId="8c84fa94-04c1-424b-9868-57a2d4851a1d" />
    <TestEntry testId="b6936a8f-cf03-819f-5fd6-47158fd998ec" executionId="97aca176-1d23-4265-890c-278372474780" testListId="8c84fa94-04c1-424b-9868-57a2d4851a1d" />
    <TestEntry testId="7eb561c7-af15-b9d4-e074-9c3e37c069c0" executionId="75bc1a43-d78e-437a-a9b8-6ae6b992a0f3" testListId="8c84fa94-04c1-424b-9868-57a2d4851a1d" />
    <TestEntry testId="82dc961c-e54b-47e9-9964-c0f426d0fc24" executionId="d273ffe3-07bf-4dc1-a756-0550584b502b" testListId="8c84fa94-04c1-424b-9868-57a2d4851a1d" />
    <TestEntry testId="a4bbc98a-3f80-bf58-4485-71267caf0846" executionId="17e08e1b-4338-44aa-85e8-f3548cadadd8" testListId="8c84fa94-04c1-424b-9868-57a2d4851a1d" />
    <TestEntry testId="2257ac13-4e51-0dbe-49da-e90e10358f37" executionId="f98859d4-d0dd-4f08-b4fe-0ba8fb2f784e" testListId="8c84fa94-04c1-424b-9868-57a2d4851a1d" />
    <TestEntry testId="bc2ab879-461a-028f-bd66-87209a99e39d" executionId="0146d6e0-222d-4cbb-af71-9298c24eb92f" testListId="8c84fa94-04c1-424b-9868-57a2d4851a1d" />
    <TestEntry testId="48db49f6-56a7-c354-f391-8d105a85ab10" executionId="267a0fd5-dc57-4bed-b5f9-e66a166c5986" testListId="8c84fa94-04c1-424b-9868-57a2d4851a1d" />
    <TestEntry testId="8d86e5a7-d53a-e696-2de7-09bed1dbf668" executionId="0b984ec4-9fc8-4e07-a1d7-fb7df9c9398e" testListId="8c84fa94-04c1-424b-9868-57a2d4851a1d" />
  </TestEntries>
  <TestLists>
    <TestList name="Results Not in a List" id="8c84fa94-04c1-424b-9868-57a2d4851a1d" />
    <TestList name="All Loaded Results" id="19431567-8539-422a-85d7-44ee4e166bda" />
  </TestLists>
  <ResultSummary outcome="Completed">
    <Counters total="51" executed="51" passed="51" failed="0" error="0" timeout="0" aborted="0" inconclusive="0" passedButRunAborted="0" notRunnable="0" notExecuted="0" disconnected="0" warning="0" completed="0" inProgress="0" pending="0" />
    <Output>
      <StdOut>[xUnit.net 00:00:00.00] xUnit.net VSTest Adapter v2.5.3.1+6b60a9e56a (64-bit .NET 8.0.24)&#xD;
[xUnit.net 00:00:00.05]   Discovering: JG.EventKit.Tests&#xD;
[xUnit.net 00:00:00.07]   Discovered:  JG.EventKit.Tests&#xD;
[xUnit.net 00:00:00.07]   Starting:    JG.EventKit.Tests&#xD;
[xUnit.net 00:00:00.23]   Finished:    JG.EventKit.Tests&#xD;
</StdOut>
    </Output>
  </ResultSummary>
</TestRun>